[{"line":1,"elements":[{"start_timestamp":"2024-07-22T17:52:13.099Z","before":[{"result":{"duration":14641512100,"status":"passed"},"match":{"location":"com.amazon.hooks.Hooks.beforeScenario(io.cucumber.java.Scenario)"}}],"line":11,"name":"SSearch for a product on Amazon","description":"","id":"amazon-main-search-with-different-options;ssearch-for-a-product-on-amazon;;2","after":[{"result":{"duration":467214600,"status":"passed"},"match":{"location":"com.amazon.hooks.Hooks.afterScenario(io.cucumber.java.Scenario)"}}],"type":"scenario","keyword":"Scenario Outline","steps":[{"result":{"duration":8536796800,"status":"passed"},"line":4,"name":"I open the Amazon homepage","match":{"location":"com.amazon.stepdefinitions.SearchSteps.i_open_the_amazon_homepage()"},"after":[{"result":{"status":"passed"},"match":{"location":"com.amazon.hooks.Hooks.addScreenshot(io.cucumber.java.Scenario)"}}],"keyword":"Given "},{"result":{"duration":8032898700,"status":"passed"},"line":5,"name":"I enter pen in the search box","match":{"arguments":[{"val":"pen","offset":8}],"location":"com.amazon.stepdefinitions.SearchSteps.i_enter_in_the_search_box(java.lang.String)"},"after":[{"result":{"status":"passed"},"match":{"location":"com.amazon.hooks.Hooks.addScreenshot(io.cucumber.java.Scenario)"}}],"keyword":"When "},{"result":{"error_message":"org.openqa.selenium.StaleElementReferenceException: stale element reference: stale element not found\n  (Session info: chrome=126.0.6478.182)\nFor documentation on this error, please visit: https://www.selenium.dev/documentation/webdriver/troubleshooting/errors#stale-element-reference-exception\nBuild info: version: '4.22.0', revision: 'c5f3146703*'\nSystem info: os.name: 'Windows 11', os.arch: 'amd64', os.version: '10.0', java.version: '17.0.11'\nDriver info: org.openqa.selenium.chrome.ChromeDriver\nCommand: [911ef1f2bce7b48d9520f84dda3c074f, clickElement {id=f.6377A87B84EB0C39862B831663225753.d.04D1B2EC6BC22FFEB4234F12E81A5222.e.276}]\nCapabilities {acceptInsecureCerts: false, browserName: chrome, browserVersion: 126.0.6478.182, chrome: {chromedriverVersion: 126.0.6478.182 (5b5d8292ddf..., userDataDir: C:\\Users\\navee\\AppData\\Loca...}, fedcm:accounts: true, goog:chromeOptions: {debuggerAddress: localhost:53240}, networkConnectionEnabled: false, pageLoadStrategy: normal, platformName: windows, proxy: Proxy(), se:cdp: ws://localhost:53240/devtoo..., se:cdpVersion: 126.0.6478.182, setWindowRect: true, strictFileInteractability: false, timeouts: {implicit: 0, pageLoad: 300000, script: 30000}, unhandledPromptBehavior: dismiss and notify, webauthn:extension:credBlob: true, webauthn:extension:largeBlob: true, webauthn:extension:minPinLength: true, webauthn:extension:prf: true, webauthn:virtualAuthenticators: true}\nElement: [[ChromeDriver: chrome on windows (911ef1f2bce7b48d9520f84dda3c074f)] -> css selector: input#nav-search-submit-button]\nSession ID: 911ef1f2bce7b48d9520f84dda3c074f\r\n\tat java.base/jdk.internal.reflect.NativeConstructorAccessorImpl.newInstance0(Native Method)\r\n\tat java.base/jdk.internal.reflect.NativeConstructorAccessorImpl.newInstance(NativeConstructorAccessorImpl.java:77)\r\n\tat java.base/jdk.internal.reflect.DelegatingConstructorAccessorImpl.newInstance(DelegatingConstructorAccessorImpl.java:45)\r\n\tat java.base/java.lang.reflect.Constructor.newInstanceWithCaller(Constructor.java:499)\r\n\tat java.base/java.lang.reflect.Constructor.newInstance(Constructor.java:480)\r\n\tat org.openqa.selenium.remote.ErrorCodec.decode(ErrorCodec.java:167)\r\n\tat org.openqa.selenium.remote.codec.w3c.W3CHttpResponseCodec.decode(W3CHttpResponseCodec.java:138)\r\n\tat org.openqa.selenium.remote.codec.w3c.W3CHttpResponseCodec.decode(W3CHttpResponseCodec.java:50)\r\n\tat org.openqa.selenium.remote.HttpCommandExecutor.execute(HttpCommandExecutor.java:190)\r\n\tat org.openqa.selenium.remote.service.DriverCommandExecutor.invokeExecute(DriverCommandExecutor.java:216)\r\n\tat org.openqa.selenium.remote.service.DriverCommandExecutor.execute(DriverCommandExecutor.java:174)\r\n\tat org.openqa.selenium.remote.RemoteWebDriver.execute(RemoteWebDriver.java:518)\r\n\tat org.openqa.selenium.remote.RemoteWebElement.execute(RemoteWebElement.java:223)\r\n\tat org.openqa.selenium.remote.RemoteWebElement.click(RemoteWebElement.java:76)\r\n\tat java.base/jdk.internal.reflect.NativeMethodAccessorImpl.invoke0(Native Method)\r\n\tat java.base/jdk.internal.reflect.NativeMethodAccessorImpl.invoke(NativeMethodAccessorImpl.java:77)\r\n\tat java.base/jdk.internal.reflect.DelegatingMethodAccessorImpl.invoke(DelegatingMethodAccessorImpl.java:43)\r\n\tat java.base/java.lang.reflect.Method.invoke(Method.java:568)\r\n\tat org.openqa.selenium.support.pagefactory.internal.LocatingElementHandler.invoke(LocatingElementHandler.java:51)\r\n\tat jdk.proxy2/jdk.proxy2.$Proxy28.click(Unknown Source)\r\n\tat com.amazon.pages.HomePage.clickSearchButton(HomePage.java:33)\r\n\tat com.amazon.stepdefinitions.SearchSteps.i_click_on_the_search_button(SearchSteps.java:41)\r\n\tat ✽.I click on the search button(file:///C:/Selenium%20Framework/eclipse-workspace/AmazonSearch/src/test/resources/features/ProductSearch.feature:6)\r\n","duration":1814759000,"status":"failed"},"line":6,"name":"I click on the search button","match":{"location":"com.amazon.stepdefinitions.SearchSteps.i_click_on_the_search_button()"},"after":[{"embeddings":[{"data":"QzpcU2VsZW5pdW0gRnJhbWV3b3JrXGVjbGlwc2Utd29ya3NwYWNlXEFtYXpvblNlYXJjaFx0YXJnZXRcc2NyZWVuc2hvdHNcU1NlYXJjaF9mb3JfYV9wcm9kdWN0X29uX0FtYXpvbi5wbmc=","mime_type":"image/png","name":"screenshot"}],"result":{"duration":203605000,"status":"passed"},"match":{"location":"com.amazon.hooks.Hooks.addScreenshot(io.cucumber.java.Scenario)"}}],"keyword":"And "},{"result":{"duration":1321700,"status":"skipped"},"line":7,"name":"I should see search results for product pen","match":{"arguments":[{"val":"pen","offset":40}],"location":"com.amazon.stepdefinitions.SearchSteps.i_should_see_search_results_for_product(java.lang.String)"},"after":[{"result":{"duration":1004000,"status":"skipped"},"match":{"location":"com.amazon.hooks.Hooks.addScreenshot(io.cucumber.java.Scenario)"}}],"keyword":"Then "}]},{"start_timestamp":"2024-07-22T17:52:13.098Z","before":[{"result":{"duration":16408630800,"status":"passed"},"match":{"location":"com.amazon.hooks.Hooks.beforeScenario(io.cucumber.java.Scenario)"}}],"line":12,"name":"SSearch for a product on Amazon","description":"","id":"amazon-main-search-with-different-options;ssearch-for-a-product-on-amazon;;3","after":[{"result":{"error_message":"org.openqa.selenium.WebDriverException: Timed out waiting for driver server to stop.\nBuild info: version: '4.22.0', revision: 'c5f3146703*'\nSystem info: os.name: 'Windows 11', os.arch: 'amd64', os.version: '10.0', java.version: '17.0.11'\nDriver info: org.openqa.selenium.chrome.ChromeDriver\nCommand: [911ef1f2bce7b48d9520f84dda3c074f, quit {}]\nCapabilities {acceptInsecureCerts: false, browserName: chrome, browserVersion: 126.0.6478.182, chrome: {chromedriverVersion: 126.0.6478.182 (5b5d8292ddf..., userDataDir: C:\\Users\\navee\\AppData\\Loca...}, fedcm:accounts: true, goog:chromeOptions: {debuggerAddress: localhost:53240}, networkConnectionEnabled: false, pageLoadStrategy: normal, platformName: windows, proxy: Proxy(), se:cdp: ws://localhost:53240/devtoo..., se:cdpVersion: 126.0.6478.182, setWindowRect: true, strictFileInteractability: false, timeouts: {implicit: 0, pageLoad: 300000, script: 30000}, unhandledPromptBehavior: dismiss and notify, webauthn:extension:credBlob: true, webauthn:extension:largeBlob: true, webauthn:extension:minPinLength: true, webauthn:extension:prf: true, webauthn:virtualAuthenticators: true}\nSession ID: 911ef1f2bce7b48d9520f84dda3c074f\r\n\tat org.openqa.selenium.remote.service.DriverCommandExecutor.execute(DriverCommandExecutor.java:164)\r\n\tat org.openqa.selenium.remote.RemoteWebDriver.execute(RemoteWebDriver.java:518)\r\n\tat org.openqa.selenium.remote.RemoteWebDriver.execute(RemoteWebDriver.java:591)\r\n\tat org.openqa.selenium.remote.RemoteWebDriver.execute(RemoteWebDriver.java:595)\r\n\tat org.openqa.selenium.remote.RemoteWebDriver.quit(RemoteWebDriver.java:433)\r\n\tat org.openqa.selenium.chromium.ChromiumDriver.quit(ChromiumDriver.java:435)\r\n\tat com.amazon.utils.DriverFactory.quitDriver(DriverFactory.java:80)\r\n\tat com.amazon.utils.TestContext.quitDriver(TestContext.java:57)\r\n\tat com.amazon.hooks.Hooks.afterScenario(Hooks.java:30)\r\nCaused by: java.util.concurrent.ExecutionException: java.lang.NullPointerException: Cannot invoke \"java.net.http.HttpClient.sendAsync(java.net.http.HttpRequest, java.net.http.HttpResponse$BodyHandler)\" because \"this.client\" is null\r\n\tat java.base/java.util.concurrent.CompletableFuture.reportGet(CompletableFuture.java:396)\r\n\tat java.base/java.util.concurrent.CompletableFuture.get(CompletableFuture.java:2096)\r\n\tat org.openqa.selenium.remote.service.DriverCommandExecutor.execute(DriverCommandExecutor.java:160)\r\n\tat org.openqa.selenium.remote.RemoteWebDriver.execute(RemoteWebDriver.java:518)\r\n\tat org.openqa.selenium.remote.RemoteWebDriver.execute(RemoteWebDriver.java:591)\r\n\tat org.openqa.selenium.remote.RemoteWebDriver.execute(RemoteWebDriver.java:595)\r\n\tat org.openqa.selenium.remote.RemoteWebDriver.quit(RemoteWebDriver.java:433)\r\n\tat org.openqa.selenium.chromium.ChromiumDriver.quit(ChromiumDriver.java:435)\r\n\tat com.amazon.utils.DriverFactory.quitDriver(DriverFactory.java:80)\r\n\tat com.amazon.utils.TestContext.quitDriver(TestContext.java:57)\r\n\tat com.amazon.hooks.Hooks.afterScenario(Hooks.java:30)\r\n\tat java.base/jdk.internal.reflect.NativeMethodAccessorImpl.invoke0(Native Method)\r\n\tat java.base/jdk.internal.reflect.NativeMethodAccessorImpl.invoke(NativeMethodAccessorImpl.java:77)\r\n\tat java.base/jdk.internal.reflect.DelegatingMethodAccessorImpl.invoke(DelegatingMethodAccessorImpl.java:43)\r\n\tat java.base/java.lang.reflect.Method.invoke(Method.java:568)\r\n\tat io.cucumber.java.Invoker.doInvoke(Invoker.java:66)\r\n\tat io.cucumber.java.Invoker.invoke(Invoker.java:24)\r\n\tat io.cucumber.java.AbstractGlueDefinition.invokeMethod(AbstractGlueDefinition.java:47)\r\n\tat io.cucumber.java.JavaHookDefinition.execute(JavaHookDefinition.java:64)\r\n\tat io.cucumber.core.runner.CoreHookDefinition.execute(CoreHookDefinition.java:46)\r\n\tat io.cucumber.core.runner.HookDefinitionMatch.runStep(HookDefinitionMatch.java:21)\r\n\tat io.cucumber.core.runner.ExecutionMode$1.execute(ExecutionMode.java:10)\r\n\tat io.cucumber.core.runner.TestStep.executeStep(TestStep.java:81)\r\n\tat io.cucumber.core.runner.TestStep.run(TestStep.java:53)\r\n\tat io.cucumber.core.runner.TestCase.run(TestCase.java:90)\r\n\tat io.cucumber.core.runner.Runner.runPickle(Runner.java:75)\r\n\tat io.cucumber.testng.TestNGCucumberRunner.lambda$runScenario$1(TestNGCucumberRunner.java:132)\r\n\tat io.cucumber.core.runtime.CucumberExecutionContext.lambda$runTestCase$5(CucumberExecutionContext.java:136)\r\n\tat io.cucumber.core.runtime.RethrowingThrowableCollector.executeAndThrow(RethrowingThrowableCollector.java:23)\r\n\tat io.cucumber.core.runtime.CucumberExecutionContext.runTestCase(CucumberExecutionContext.java:136)\r\n\tat io.cucumber.testng.TestNGCucumberRunner.runScenario(TestNGCucumberRunner.java:129)\r\n\tat io.cucumber.testng.AbstractTestNGCucumberTests.runScenario(AbstractTestNGCucumberTests.java:35)\r\n\tat java.base/jdk.internal.reflect.NativeMethodAccessorImpl.invoke0(Native Method)\r\n\tat java.base/jdk.internal.reflect.NativeMethodAccessorImpl.invoke(NativeMethodAccessorImpl.java:77)\r\n\tat java.base/jdk.internal.reflect.DelegatingMethodAccessorImpl.invoke(DelegatingMethodAccessorImpl.java:43)\r\n\tat java.base/java.lang.reflect.Method.invoke(Method.java:568)\r\n\tat org.testng.internal.invokers.MethodInvocationHelper.invokeMethod(MethodInvocationHelper.java:141)\r\n\tat org.testng.internal.invokers.TestInvoker.invokeMethod(TestInvoker.java:686)\r\n\tat org.testng.internal.invokers.TestInvoker.invokeTestMethod(TestInvoker.java:230)\r\n\tat org.testng.internal.invokers.TestMethodWithDataProviderMethodWorker.call(TestMethodWithDataProviderMethodWorker.java:81)\r\n\tat org.testng.internal.thread.Async$AsyncTask.run(Async.java:34)\r\n\tat java.base/java.util.concurrent.ThreadPoolExecutor.runWorker(ThreadPoolExecutor.java:1136)\r\n\tat java.base/java.util.concurrent.ThreadPoolExecutor$Worker.run(ThreadPoolExecutor.java:635)\r\n\tat java.base/java.lang.Thread.run(Thread.java:840)\r\nCaused by: java.lang.NullPointerException: Cannot invoke \"java.net.http.HttpClient.sendAsync(java.net.http.HttpRequest, java.net.http.HttpResponse$BodyHandler)\" because \"this.client\" is null\r\n\tat org.openqa.selenium.remote.http.jdk.JdkHttpClient.execute0(JdkHttpClient.java:379)\r\n\tat org.openqa.selenium.remote.http.AddSeleniumUserAgent.lambda$apply$0(AddSeleniumUserAgent.java:42)\r\n\tat org.openqa.selenium.remote.http.Filter.lambda$andFinally$1(Filter.java:55)\r\n\tat org.openqa.selenium.remote.http.jdk.JdkHttpClient.execute(JdkHttpClient.java:355)\r\n\tat org.openqa.selenium.remote.HttpCommandExecutor.execute(HttpCommandExecutor.java:187)\r\n\tat org.openqa.selenium.remote.service.DriverCommandExecutor.invokeExecute(DriverCommandExecutor.java:216)\r\n\tat org.openqa.selenium.remote.service.DriverCommandExecutor.lambda$execute$1(DriverCommandExecutor.java:126)\r\n\tat java.base/java.util.concurrent.CompletableFuture$AsyncSupply.run(CompletableFuture.java:1768)\r\n\t... 3 more\r\n","duration":344434800,"status":"failed"},"match":{"location":"com.amazon.hooks.Hooks.afterScenario(io.cucumber.java.Scenario)"}}],"type":"scenario","keyword":"Scenario Outline","steps":[{"result":{"duration":6795597400,"status":"passed"},"line":4,"name":"I open the Amazon homepage","match":{"location":"com.amazon.stepdefinitions.SearchSteps.i_open_the_amazon_homepage()"},"after":[{"result":{"status":"passed"},"match":{"location":"com.amazon.hooks.Hooks.addScreenshot(io.cucumber.java.Scenario)"}}],"keyword":"Given "},{"result":{"duration":7828135600,"status":"passed"},"line":5,"name":"I enter laptop in the search box","match":{"arguments":[{"val":"laptop","offset":8}],"location":"com.amazon.stepdefinitions.SearchSteps.i_enter_in_the_search_box(java.lang.String)"},"after":[{"result":{"status":"passed"},"match":{"location":"com.amazon.hooks.Hooks.addScreenshot(io.cucumber.java.Scenario)"}}],"keyword":"When "},{"result":{"error_message":"org.openqa.selenium.StaleElementReferenceException: stale element reference: stale element not found\n  (Session info: chrome=126.0.6478.182)\nFor documentation on this error, please visit: https://www.selenium.dev/documentation/webdriver/troubleshooting/errors#stale-element-reference-exception\nBuild info: version: '4.22.0', revision: 'c5f3146703*'\nSystem info: os.name: 'Windows 11', os.arch: 'amd64', os.version: '10.0', java.version: '17.0.11'\nDriver info: org.openqa.selenium.chrome.ChromeDriver\nCommand: [911ef1f2bce7b48d9520f84dda3c074f, clickElement {id=f.6377A87B84EB0C39862B831663225753.d.04D1B2EC6BC22FFEB4234F12E81A5222.e.276}]\nCapabilities {acceptInsecureCerts: false, browserName: chrome, browserVersion: 126.0.6478.182, chrome: {chromedriverVersion: 126.0.6478.182 (5b5d8292ddf..., userDataDir: C:\\Users\\navee\\AppData\\Loca...}, fedcm:accounts: true, goog:chromeOptions: {debuggerAddress: localhost:53240}, networkConnectionEnabled: false, pageLoadStrategy: normal, platformName: windows, proxy: Proxy(), se:cdp: ws://localhost:53240/devtoo..., se:cdpVersion: 126.0.6478.182, setWindowRect: true, strictFileInteractability: false, timeouts: {implicit: 0, pageLoad: 300000, script: 30000}, unhandledPromptBehavior: dismiss and notify, webauthn:extension:credBlob: true, webauthn:extension:largeBlob: true, webauthn:extension:minPinLength: true, webauthn:extension:prf: true, webauthn:virtualAuthenticators: true}\nElement: [[ChromeDriver: chrome on windows (911ef1f2bce7b48d9520f84dda3c074f)] -> css selector: input#nav-search-submit-button]\nSession ID: 911ef1f2bce7b48d9520f84dda3c074f\r\n\tat java.base/jdk.internal.reflect.NativeConstructorAccessorImpl.newInstance0(Native Method)\r\n\tat java.base/jdk.internal.reflect.NativeConstructorAccessorImpl.newInstance(NativeConstructorAccessorImpl.java:77)\r\n\tat java.base/jdk.internal.reflect.DelegatingConstructorAccessorImpl.newInstance(DelegatingConstructorAccessorImpl.java:45)\r\n\tat java.base/java.lang.reflect.Constructor.newInstanceWithCaller(Constructor.java:499)\r\n\tat java.base/java.lang.reflect.Constructor.newInstance(Constructor.java:480)\r\n\tat org.openqa.selenium.remote.ErrorCodec.decode(ErrorCodec.java:167)\r\n\tat org.openqa.selenium.remote.codec.w3c.W3CHttpResponseCodec.decode(W3CHttpResponseCodec.java:138)\r\n\tat org.openqa.selenium.remote.codec.w3c.W3CHttpResponseCodec.decode(W3CHttpResponseCodec.java:50)\r\n\tat org.openqa.selenium.remote.HttpCommandExecutor.execute(HttpCommandExecutor.java:190)\r\n\tat org.openqa.selenium.remote.service.DriverCommandExecutor.invokeExecute(DriverCommandExecutor.java:216)\r\n\tat org.openqa.selenium.remote.service.DriverCommandExecutor.execute(DriverCommandExecutor.java:174)\r\n\tat org.openqa.selenium.remote.RemoteWebDriver.execute(RemoteWebDriver.java:518)\r\n\tat org.openqa.selenium.remote.RemoteWebElement.execute(RemoteWebElement.java:223)\r\n\tat org.openqa.selenium.remote.RemoteWebElement.click(RemoteWebElement.java:76)\r\n\tat java.base/jdk.internal.reflect.NativeMethodAccessorImpl.invoke0(Native Method)\r\n\tat java.base/jdk.internal.reflect.NativeMethodAccessorImpl.invoke(NativeMethodAccessorImpl.java:77)\r\n\tat java.base/jdk.internal.reflect.DelegatingMethodAccessorImpl.invoke(DelegatingMethodAccessorImpl.java:43)\r\n\tat java.base/java.lang.reflect.Method.invoke(Method.java:568)\r\n\tat org.openqa.selenium.support.pagefactory.internal.LocatingElementHandler.invoke(LocatingElementHandler.java:51)\r\n\tat jdk.proxy2/jdk.proxy2.$Proxy28.click(Unknown Source)\r\n\tat com.amazon.pages.HomePage.clickSearchButton(HomePage.java:33)\r\n\tat com.amazon.stepdefinitions.SearchSteps.i_click_on_the_search_button(SearchSteps.java:41)\r\n\tat ✽.I click on the search button(file:///C:/Selenium%20Framework/eclipse-workspace/AmazonSearch/src/test/resources/features/ProductSearch.feature:6)\r\n","duration":1992271800,"status":"failed"},"line":6,"name":"I click on the search button","match":{"location":"com.amazon.stepdefinitions.SearchSteps.i_click_on_the_search_button()"},"after":[{"embeddings":[{"data":"QzpcU2VsZW5pdW0gRnJhbWV3b3JrXGVjbGlwc2Utd29ya3NwYWNlXEFtYXpvblNlYXJjaFx0YXJnZXRcc2NyZWVuc2hvdHNcU1NlYXJjaF9mb3JfYV9wcm9kdWN0X29uX0FtYXpvbi5wbmc=","mime_type":"image/png","name":"screenshot"}],"result":{"duration":314656200,"status":"passed"},"match":{"location":"com.amazon.hooks.Hooks.addScreenshot(io.cucumber.java.Scenario)"}}],"keyword":"And "},{"result":{"status":"skipped"},"line":7,"name":"I should see search results for product laptop","match":{"arguments":[{"val":"laptop","offset":40}],"location":"com.amazon.stepdefinitions.SearchSteps.i_should_see_search_results_for_product(java.lang.String)"},"after":[{"result":{"status":"skipped"},"match":{"location":"com.amazon.hooks.Hooks.addScreenshot(io.cucumber.java.Scenario)"}}],"keyword":"Then "}]},{"start_timestamp":"2024-07-22T17:52:13.100Z","before":[{"result":{"duration":13326060200,"status":"passed"},"match":{"location":"com.amazon.hooks.Hooks.beforeScenario(io.cucumber.java.Scenario)"}}],"line":13,"name":"SSearch for a product on Amazon","description":"","id":"amazon-main-search-with-different-options;ssearch-for-a-product-on-amazon;;4","after":[{"result":{"duration":992100,"status":"passed"},"match":{"location":"com.amazon.hooks.Hooks.afterScenario(io.cucumber.java.Scenario)"}}],"type":"scenario","keyword":"Scenario Outline","steps":[{"result":{"duration":9859426800,"status":"passed"},"line":4,"name":"I open the Amazon homepage","match":{"location":"com.amazon.stepdefinitions.SearchSteps.i_open_the_amazon_homepage()"},"after":[{"result":{"status":"passed"},"match":{"location":"com.amazon.hooks.Hooks.addScreenshot(io.cucumber.java.Scenario)"}}],"keyword":"Given "},{"result":{"duration":7772520700,"status":"passed"},"line":5,"name":"I enter school bags for girl kid in the search box","match":{"arguments":[{"val":"school bags for girl kid","offset":8}],"location":"com.amazon.stepdefinitions.SearchSteps.i_enter_in_the_search_box(java.lang.String)"},"after":[{"result":{"status":"passed"},"match":{"location":"com.amazon.hooks.Hooks.addScreenshot(io.cucumber.java.Scenario)"}}],"keyword":"When "},{"result":{"duration":2030044100,"status":"passed"},"line":6,"name":"I click on the search button","match":{"location":"com.amazon.stepdefinitions.SearchSteps.i_click_on_the_search_button()"},"after":[{"result":{"status":"passed"},"match":{"location":"com.amazon.hooks.Hooks.addScreenshot(io.cucumber.java.Scenario)"}}],"keyword":"And "},{"result":{"error_message":"org.openqa.selenium.TimeoutException: java.util.concurrent.TimeoutException\nBuild info: version: '4.22.0', revision: 'c5f3146703*'\nSystem info: os.name: 'Windows 11', os.arch: 'amd64', os.version: '10.0', java.version: '17.0.11'\nDriver info: org.openqa.selenium.chrome.ChromeDriver\nCommand: [911ef1f2bce7b48d9520f84dda3c074f, findElements {value=//div[@data-component-type='s-search-result'], using=xpath}]\nCapabilities {acceptInsecureCerts: false, browserName: chrome, browserVersion: 126.0.6478.182, chrome: {chromedriverVersion: 126.0.6478.182 (5b5d8292ddf..., userDataDir: C:\\Users\\navee\\AppData\\Loca...}, fedcm:accounts: true, goog:chromeOptions: {debuggerAddress: localhost:53240}, networkConnectionEnabled: false, pageLoadStrategy: normal, platformName: windows, proxy: Proxy(), se:cdp: ws://localhost:53240/devtoo..., se:cdpVersion: 126.0.6478.182, setWindowRect: true, strictFileInteractability: false, timeouts: {implicit: 0, pageLoad: 300000, script: 30000}, unhandledPromptBehavior: dismiss and notify, webauthn:extension:credBlob: true, webauthn:extension:largeBlob: true, webauthn:extension:minPinLength: true, webauthn:extension:prf: true, webauthn:virtualAuthenticators: true}\r\n\tat org.openqa.selenium.remote.http.jdk.JdkHttpClient.execute0(JdkHttpClient.java:399)\r\n\tat org.openqa.selenium.remote.http.AddSeleniumUserAgent.lambda$apply$0(AddSeleniumUserAgent.java:42)\r\n\tat org.openqa.selenium.remote.http.Filter.lambda$andFinally$1(Filter.java:55)\r\n\tat org.openqa.selenium.remote.http.jdk.JdkHttpClient.execute(JdkHttpClient.java:355)\r\n\tat org.openqa.selenium.remote.HttpCommandExecutor.execute(HttpCommandExecutor.java:187)\r\n\tat org.openqa.selenium.remote.service.DriverCommandExecutor.invokeExecute(DriverCommandExecutor.java:216)\r\n\tat org.openqa.selenium.remote.service.DriverCommandExecutor.execute(DriverCommandExecutor.java:174)\r\n\tat org.openqa.selenium.remote.RemoteWebDriver.execute(RemoteWebDriver.java:518)\r\n\tat org.openqa.selenium.remote.ElementLocation$ElementFinder$2.findElements(ElementLocation.java:182)\r\n\tat org.openqa.selenium.remote.ElementLocation.findElements(ElementLocation.java:103)\r\n\tat org.openqa.selenium.remote.RemoteWebDriver.findElements(RemoteWebDriver.java:368)\r\n\tat org.openqa.selenium.remote.RemoteWebDriver.findElements(RemoteWebDriver.java:362)\r\n\tat org.openqa.selenium.support.pagefactory.DefaultElementLocator.findElements(DefaultElementLocator.java:83)\r\n\tat org.openqa.selenium.support.pagefactory.internal.LocatingElementListHandler.invoke(LocatingElementListHandler.java:36)\r\n\tat jdk.proxy2/jdk.proxy2.$Proxy29.size(Unknown Source)\r\n\tat com.amazon.stepdefinitions.SearchSteps.i_should_see_search_results_for_product(SearchSteps.java:49)\r\n\tat ✽.I should see search results for product school bags for girl kid(file:///C:/Selenium%20Framework/eclipse-workspace/AmazonSearch/src/test/resources/features/ProductSearch.feature:7)\r\nCaused by: java.util.concurrent.TimeoutException\r\n\tat java.base/java.util.concurrent.CompletableFuture.timedGet(CompletableFuture.java:1960)\r\n\tat java.base/java.util.concurrent.CompletableFuture.get(CompletableFuture.java:2095)\r\n\tat org.openqa.selenium.remote.http.jdk.JdkHttpClient.execute0(JdkHttpClient.java:382)\r\n\tat org.openqa.selenium.remote.http.AddSeleniumUserAgent.lambda$apply$0(AddSeleniumUserAgent.java:42)\r\n\tat org.openqa.selenium.remote.http.Filter.lambda$andFinally$1(Filter.java:55)\r\n\tat org.openqa.selenium.remote.http.jdk.JdkHttpClient.execute(JdkHttpClient.java:355)\r\n\tat org.openqa.selenium.remote.HttpCommandExecutor.execute(HttpCommandExecutor.java:187)\r\n\tat org.openqa.selenium.remote.service.DriverCommandExecutor.invokeExecute(DriverCommandExecutor.java:216)\r\n\tat org.openqa.selenium.remote.service.DriverCommandExecutor.execute(DriverCommandExecutor.java:174)\r\n\tat org.openqa.selenium.remote.RemoteWebDriver.execute(RemoteWebDriver.java:518)\r\n\tat org.openqa.selenium.remote.ElementLocation$ElementFinder$2.findElements(ElementLocation.java:182)\r\n\tat org.openqa.selenium.remote.ElementLocation.findElements(ElementLocation.java:103)\r\n\tat org.openqa.selenium.remote.RemoteWebDriver.findElements(RemoteWebDriver.java:368)\r\n\tat org.openqa.selenium.remote.RemoteWebDriver.findElements(RemoteWebDriver.java:362)\r\n\tat org.openqa.selenium.support.pagefactory.DefaultElementLocator.findElements(DefaultElementLocator.java:83)\r\n\tat org.openqa.selenium.support.pagefactory.internal.LocatingElementListHandler.invoke(LocatingElementListHandler.java:36)\r\n\tat jdk.proxy2/jdk.proxy2.$Proxy29.size(Unknown Source)\r\n\tat com.amazon.stepdefinitions.SearchSteps.i_should_see_search_results_for_product(SearchSteps.java:49)\r\n\tat java.base/jdk.internal.reflect.NativeMethodAccessorImpl.invoke0(Native Method)\r\n\tat java.base/jdk.internal.reflect.NativeMethodAccessorImpl.invoke(NativeMethodAccessorImpl.java:77)\r\n\tat java.base/jdk.internal.reflect.DelegatingMethodAccessorImpl.invoke(DelegatingMethodAccessorImpl.java:43)\r\n\tat java.base/java.lang.reflect.Method.invoke(Method.java:568)\r\n\tat io.cucumber.java.Invoker.doInvoke(Invoker.java:66)\r\n\tat io.cucumber.java.Invoker.invoke(Invoker.java:24)\r\n\tat io.cucumber.java.AbstractGlueDefinition.invokeMethod(AbstractGlueDefinition.java:47)\r\n\tat io.cucumber.java.JavaStepDefinition.execute(JavaStepDefinition.java:29)\r\n\tat io.cucumber.core.runner.CoreStepDefinition.execute(CoreStepDefinition.java:66)\r\n\tat io.cucumber.core.runner.PickleStepDefinitionMatch.runStep(PickleStepDefinitionMatch.java:63)\r\n\tat io.cucumber.core.runner.ExecutionMode$1.execute(ExecutionMode.java:10)\r\n\tat io.cucumber.core.runner.TestStep.executeStep(TestStep.java:81)\r\n\tat io.cucumber.core.runner.TestStep.run(TestStep.java:53)\r\n\tat io.cucumber.core.runner.PickleStepTestStep.run(PickleStepTestStep.java:51)\r\n\tat io.cucumber.core.runner.TestCase.run(TestCase.java:84)\r\n\tat io.cucumber.core.runner.Runner.runPickle(Runner.java:75)\r\n\tat io.cucumber.testng.TestNGCucumberRunner.lambda$runScenario$1(TestNGCucumberRunner.java:132)\r\n\tat io.cucumber.core.runtime.CucumberExecutionContext.lambda$runTestCase$5(CucumberExecutionContext.java:136)\r\n\tat io.cucumber.core.runtime.RethrowingThrowableCollector.executeAndThrow(RethrowingThrowableCollector.java:23)\r\n\tat io.cucumber.core.runtime.CucumberExecutionContext.runTestCase(CucumberExecutionContext.java:136)\r\n\tat io.cucumber.testng.TestNGCucumberRunner.runScenario(TestNGCucumberRunner.java:129)\r\n\tat io.cucumber.testng.AbstractTestNGCucumberTests.runScenario(AbstractTestNGCucumberTests.java:35)\r\n\tat java.base/jdk.internal.reflect.NativeMethodAccessorImpl.invoke0(Native Method)\r\n\tat java.base/jdk.internal.reflect.NativeMethodAccessorImpl.invoke(NativeMethodAccessorImpl.java:77)\r\n\tat java.base/jdk.internal.reflect.DelegatingMethodAccessorImpl.invoke(DelegatingMethodAccessorImpl.java:43)\r\n\tat java.base/java.lang.reflect.Method.invoke(Method.java:568)\r\n\tat org.testng.internal.invokers.MethodInvocationHelper.invokeMethod(MethodInvocationHelper.java:141)\r\n\tat org.testng.internal.invokers.TestInvoker.invokeMethod(TestInvoker.java:686)\r\n\tat org.testng.internal.invokers.TestInvoker.invokeTestMethod(TestInvoker.java:230)\r\n\tat org.testng.internal.invokers.TestMethodWithDataProviderMethodWorker.call(TestMethodWithDataProviderMethodWorker.java:81)\r\n\tat org.testng.internal.thread.Async$AsyncTask.run(Async.java:34)\r\n\tat java.base/java.util.concurrent.ThreadPoolExecutor.runWorker(ThreadPoolExecutor.java:1136)\r\n\tat java.base/java.util.concurrent.ThreadPoolExecutor$Worker.run(ThreadPoolExecutor.java:635)\r\n\tat java.base/java.lang.Thread.run(Thread.java:840)\r\n","duration":180529288500,"status":"failed"},"line":7,"name":"I should see search results for product school bags for girl kid","match":{"arguments":[{"val":"school bags for girl kid","offset":40}],"location":"com.amazon.stepdefinitions.SearchSteps.i_should_see_search_results_for_product(java.lang.String)"},"after":[{"result":{"error_message":"org.openqa.selenium.NoSuchSessionException: Session ID is null. Using WebDriver after calling quit()?\nBuild info: version: '4.22.0', revision: 'c5f3146703*'\nSystem info: os.name: 'Windows 11', os.arch: 'amd64', os.version: '10.0', java.version: '17.0.11'\nDriver info: org.openqa.selenium.chrome.ChromeDriver\nCommand: [null, screenshot {}]\nCapabilities {acceptInsecureCerts: false, browserName: chrome, browserVersion: 126.0.6478.182, chrome: {chromedriverVersion: 126.0.6478.182 (5b5d8292ddf..., userDataDir: C:\\Users\\navee\\AppData\\Loca...}, fedcm:accounts: true, goog:chromeOptions: {debuggerAddress: localhost:53240}, networkConnectionEnabled: false, pageLoadStrategy: normal, platformName: windows, proxy: Proxy(), se:cdp: ws://localhost:53240/devtoo..., se:cdpVersion: 126.0.6478.182, setWindowRect: true, strictFileInteractability: false, timeouts: {implicit: 0, pageLoad: 300000, script: 30000}, unhandledPromptBehavior: dismiss and notify, webauthn:extension:credBlob: true, webauthn:extension:largeBlob: true, webauthn:extension:minPinLength: true, webauthn:extension:prf: true, webauthn:virtualAuthenticators: true}\r\n\tat org.openqa.selenium.remote.HttpCommandExecutor.execute(HttpCommandExecutor.java:151)\r\n\tat org.openqa.selenium.remote.service.DriverCommandExecutor.invokeExecute(DriverCommandExecutor.java:216)\r\n\tat org.openqa.selenium.remote.service.DriverCommandExecutor.execute(DriverCommandExecutor.java:174)\r\n\tat org.openqa.selenium.remote.RemoteWebDriver.execute(RemoteWebDriver.java:518)\r\n\tat org.openqa.selenium.remote.RemoteWebDriver.execute(RemoteWebDriver.java:591)\r\n\tat org.openqa.selenium.remote.RemoteWebDriver.execute(RemoteWebDriver.java:595)\r\n\tat org.openqa.selenium.remote.RemoteWebDriver.getScreenshotAs(RemoteWebDriver.java:321)\r\n\tat com.amazon.utils.Utility.captureScreenshotReport(Utility.java:69)\r\n\tat com.amazon.hooks.Hooks.addScreenshot(Hooks.java:23)\r\n","duration":2423200,"status":"failed"},"match":{"location":"com.amazon.hooks.Hooks.addScreenshot(io.cucumber.java.Scenario)"}}],"keyword":"Then "}]},{"start_timestamp":"2024-07-22T17:52:13.099Z","before":[{"result":{"duration":18060618300,"status":"passed"},"match":{"location":"com.amazon.hooks.Hooks.beforeScenario(io.cucumber.java.Scenario)"}}],"line":14,"name":"SSearch for a product on Amazon","description":"","id":"amazon-main-search-with-different-options;ssearch-for-a-product-on-amazon;;5","after":[{"result":{"duration":219966700,"status":"passed"},"match":{"location":"com.amazon.hooks.Hooks.afterScenario(io.cucumber.java.Scenario)"}}],"type":"scenario","keyword":"Scenario Outline","steps":[{"result":{"duration":5155010700,"status":"passed"},"line":4,"name":"I open the Amazon homepage","match":{"location":"com.amazon.stepdefinitions.SearchSteps.i_open_the_amazon_homepage()"},"after":[{"result":{"status":"passed"},"match":{"location":"com.amazon.hooks.Hooks.addScreenshot(io.cucumber.java.Scenario)"}}],"keyword":"Given "},{"result":{"duration":7943648300,"status":"passed"},"line":5,"name":"I enter Chocolates in the search box","match":{"arguments":[{"val":"Chocolates","offset":8}],"location":"com.amazon.stepdefinitions.SearchSteps.i_enter_in_the_search_box(java.lang.String)"},"after":[{"result":{"duration":1023300,"status":"passed"},"match":{"location":"com.amazon.hooks.Hooks.addScreenshot(io.cucumber.java.Scenario)"}}],"keyword":"When "},{"result":{"error_message":"org.openqa.selenium.StaleElementReferenceException: stale element reference: stale element not found\n  (Session info: chrome=126.0.6478.182)\nFor documentation on this error, please visit: https://www.selenium.dev/documentation/webdriver/troubleshooting/errors#stale-element-reference-exception\nBuild info: version: '4.22.0', revision: 'c5f3146703*'\nSystem info: os.name: 'Windows 11', os.arch: 'amd64', os.version: '10.0', java.version: '17.0.11'\nDriver info: org.openqa.selenium.chrome.ChromeDriver\nCommand: [911ef1f2bce7b48d9520f84dda3c074f, clickElement {id=f.6377A87B84EB0C39862B831663225753.d.04D1B2EC6BC22FFEB4234F12E81A5222.e.276}]\nCapabilities {acceptInsecureCerts: false, browserName: chrome, browserVersion: 126.0.6478.182, chrome: {chromedriverVersion: 126.0.6478.182 (5b5d8292ddf..., userDataDir: C:\\Users\\navee\\AppData\\Loca...}, fedcm:accounts: true, goog:chromeOptions: {debuggerAddress: localhost:53240}, networkConnectionEnabled: false, pageLoadStrategy: normal, platformName: windows, proxy: Proxy(), se:cdp: ws://localhost:53240/devtoo..., se:cdpVersion: 126.0.6478.182, setWindowRect: true, strictFileInteractability: false, timeouts: {implicit: 0, pageLoad: 300000, script: 30000}, unhandledPromptBehavior: dismiss and notify, webauthn:extension:credBlob: true, webauthn:extension:largeBlob: true, webauthn:extension:minPinLength: true, webauthn:extension:prf: true, webauthn:virtualAuthenticators: true}\nElement: [[ChromeDriver: chrome on windows (911ef1f2bce7b48d9520f84dda3c074f)] -> css selector: input#nav-search-submit-button]\nSession ID: 911ef1f2bce7b48d9520f84dda3c074f\r\n\tat java.base/jdk.internal.reflect.NativeConstructorAccessorImpl.newInstance0(Native Method)\r\n\tat java.base/jdk.internal.reflect.NativeConstructorAccessorImpl.newInstance(NativeConstructorAccessorImpl.java:77)\r\n\tat java.base/jdk.internal.reflect.DelegatingConstructorAccessorImpl.newInstance(DelegatingConstructorAccessorImpl.java:45)\r\n\tat java.base/java.lang.reflect.Constructor.newInstanceWithCaller(Constructor.java:499)\r\n\tat java.base/java.lang.reflect.Constructor.newInstance(Constructor.java:480)\r\n\tat org.openqa.selenium.remote.ErrorCodec.decode(ErrorCodec.java:167)\r\n\tat org.openqa.selenium.remote.codec.w3c.W3CHttpResponseCodec.decode(W3CHttpResponseCodec.java:138)\r\n\tat org.openqa.selenium.remote.codec.w3c.W3CHttpResponseCodec.decode(W3CHttpResponseCodec.java:50)\r\n\tat org.openqa.selenium.remote.HttpCommandExecutor.execute(HttpCommandExecutor.java:190)\r\n\tat org.openqa.selenium.remote.service.DriverCommandExecutor.invokeExecute(DriverCommandExecutor.java:216)\r\n\tat org.openqa.selenium.remote.service.DriverCommandExecutor.execute(DriverCommandExecutor.java:174)\r\n\tat org.openqa.selenium.remote.RemoteWebDriver.execute(RemoteWebDriver.java:518)\r\n\tat org.openqa.selenium.remote.RemoteWebElement.execute(RemoteWebElement.java:223)\r\n\tat org.openqa.selenium.remote.RemoteWebElement.click(RemoteWebElement.java:76)\r\n\tat java.base/jdk.internal.reflect.NativeMethodAccessorImpl.invoke0(Native Method)\r\n\tat java.base/jdk.internal.reflect.NativeMethodAccessorImpl.invoke(NativeMethodAccessorImpl.java:77)\r\n\tat java.base/jdk.internal.reflect.DelegatingMethodAccessorImpl.invoke(DelegatingMethodAccessorImpl.java:43)\r\n\tat java.base/java.lang.reflect.Method.invoke(Method.java:568)\r\n\tat org.openqa.selenium.support.pagefactory.internal.LocatingElementHandler.invoke(LocatingElementHandler.java:51)\r\n\tat jdk.proxy2/jdk.proxy2.$Proxy28.click(Unknown Source)\r\n\tat com.amazon.pages.HomePage.clickSearchButton(HomePage.java:33)\r\n\tat com.amazon.stepdefinitions.SearchSteps.i_click_on_the_search_button(SearchSteps.java:41)\r\n\tat ✽.I click on the search button(file:///C:/Selenium%20Framework/eclipse-workspace/AmazonSearch/src/test/resources/features/ProductSearch.feature:6)\r\n","duration":1865857700,"status":"failed"},"line":6,"name":"I click on the search button","match":{"location":"com.amazon.stepdefinitions.SearchSteps.i_click_on_the_search_button()"},"after":[{"embeddings":[{"data":"QzpcU2VsZW5pdW0gRnJhbWV3b3JrXGVjbGlwc2Utd29ya3NwYWNlXEFtYXpvblNlYXJjaFx0YXJnZXRcc2NyZWVuc2hvdHNcU1NlYXJjaF9mb3JfYV9wcm9kdWN0X29uX0FtYXpvbi5wbmc=","mime_type":"image/png","name":"screenshot"}],"result":{"duration":449175500,"status":"passed"},"match":{"location":"com.amazon.hooks.Hooks.addScreenshot(io.cucumber.java.Scenario)"}}],"keyword":"And "},{"result":{"status":"skipped"},"line":7,"name":"I should see search results for product Chocolates","match":{"arguments":[{"val":"Chocolates","offset":40}],"location":"com.amazon.stepdefinitions.SearchSteps.i_should_see_search_results_for_product(java.lang.String)"},"after":[{"result":{"status":"skipped"},"match":{"location":"com.amazon.hooks.Hooks.addScreenshot(io.cucumber.java.Scenario)"}}],"keyword":"Then "}]}],"name":"Amazon Main Search with different options","description":"","id":"amazon-main-search-with-different-options","keyword":"Feature","uri":"file:src/test/resources/features/ProductSearch.feature","tags":[]}]